Iteration 0 beginning at Sun_Oct08_2017_21:26:55
	Player0 vs:
		9: Win
		19: Win
		1: Win
		91: Win
		10: Win
		90: Win
	Player1 vs:
		0: Win
		10: Win
		2: Win
		92: Loss
		11: Win
		91: Win
	Player2 vs:
		1: Win
		11: Win
		3: Win
		93: Win
		12: Win
		92: Win
	Player3 vs:
		2: Win
		12: Win
		4: Win
		94: Loss
		13: Loss
		93: Loss
	Player4 vs:
		3: Win
		13: Loss
		5: Win
		95: Win
		14: Win
		94: Win
	Player5 vs:
		4: Win
		14: Win
		6: Win
		96: Win
		15: Win
		95: Win
	Player6 vs:
		5: Win
		15: Win
		7: Win
		97: Win
		16: Win
		96: Win
	Player7 vs:
		6: Win
		16: Win
		8: Win
		98: Win
		17: Win
		97: Win
	Player8 vs:
		7: Win
		17: Win
		9: Win
		99: Win
		18: Win
		98: Win
	Player9 vs:
		8: Win
		18: Loss
		0: Loss
		90: Loss
		19: Win
		99: Win
	Player10 vs:
		19: Loss
		29: Loss
		11: Win
		1: Loss
		20: Win
		0: Win
	Player11 vs:
		10: Win
		20: Win
		12: Win
		2: Win
		21: Win
		1: Win
	Player12 vs:
		11: Win
		21: Win
		13: Win
		3: Win
		22: Win
		2: Win
	Player13 vs:
		12: Win
		22: Win
		14: Win
		4: Win
		23: Win
		3: Win
	Player14 vs:
		13: Loss
		23: Loss
		15: Win
		5: Win
		24: Loss
		4: Win
	Player15 vs:
		14: Loss
		24: Loss
		16: Win
		6: Win
		25: Win
		5: Win
	Player16 vs:
		15: Win
		25: Win
		17: Win
		7: Win
		26: Win
		6: Win
	Player17 vs:
		16: Win
		26: Win
		18: Win
		8: Win
		27: Win
		7: Win
	Player18 vs:
		17: Win
		27: Win
		19: Win
		9: Win
		28: Win
		8: Win
	Player19 vs:
		18: Win
		28: Win
		10: Win
		0: Win
		29: Win
		9: Win
	Player20 vs:
		29: Win
		39: Loss
		21: Win
		11: Loss
		30: Loss
		10: Win
	Player21 vs:
		20: Win
		30: Win
		22: Win
		12: Win
		31: Win
		11: Win
	Player22 vs:
		21: Win
		31: Win
		23: Win
		13: Win
		32: Win
		12: Win
	Player23 vs:
		22: Loss
		32: Loss
		24: Win
		14: Win
		33: Loss
		13: Loss
	Player24 vs:
		23: Win
		33: Win
		25: Win
		15: Win
		34: Win
		14: Win
	Player25 vs:
		24: Win
		34: Win
		26: Win
		16: Loss
		35: Win
		15: Loss
	Player26 vs:
		25: Win
		35: Win
		27: Win
		17: Win
		36: Win
		16: Win
	Player27 vs:
		26: Win
		36: Loss
		28: Win
		18: Loss
		37: Loss
		17: Win
	Player28 vs:
		27: Loss
		37: Win
		29: Win
		19: Win
		38: Loss
		18: Win
	Player29 vs:
		28: Win
		38: Win
		20: Win
		10: Win
		39: Win
		19: Loss
	Player30 vs:
		39: Loss
		49: Win
		31: Loss
		21: Win
		40: Win
		20: Win
	Player31 vs:
		30: Win
		40: Win
		32: Win
		22: Win
		41: Win
		21: Win
	Player32 vs:
		31: Loss
		41: Loss
		33: Loss
		23: Win
		42: Loss
		22: Loss
	Player33 vs:
		32: Win
		42: Loss
		34: Win
		24: Win
		43: Win
		23: Win
	Player34 vs:
		33: Win
		43: Win
		35: Win
		25: Win
		44: Win
		24: Win
	Player35 vs:
		34: Win
		44: Win
		36: Win
		26: Win
		45: Win
		25: Win
	Player36 vs:
		35: Win
		45: Win
		37: Win
		27: Win
		46: Win
		26: Win
	Player37 vs:
		36: Win
		46: Win
		38: Win
		28: Win
		47: Win
		27: Win
	Player38 vs:
		37: Loss
		47: Win
		39: Loss
		29: Loss
		48: Win
		28: Win
	Player39 vs:
		38: Win
		48: Win
		30: Win
		20: Win
		49: Win
		29: Win
	Player40 vs:
		49: Loss
		59: Loss
		41: Loss
		31: Win
		50: Loss
		30: Loss
	Player41 vs:
		40: Win
		50: Win
		42: Win
		32: Win
		51: Win
		31: Win
	Player42 vs:
		41: Win
		51: Loss
		43: Win
		33: Win
		52: Loss
		32: Loss
	Player43 vs:
		42: Loss
		52: Win
		44: Loss
		34: Win
		53: Loss
		33: Win
	Player44 vs:
		43: Win
		53: Win
		45: Win
		35: Win
		54: Win
		34: Win
	Player45 vs:
		44: Win
		54: Loss
		46: Win
		36: Win
		55: Loss
		35: Loss
	Player46 vs:
		45: Loss
		55: Win
		47: Win
		37: Loss
		56: Win
		36: Loss
	Player47 vs:
		46: Win
		56: Win
		48: Win
		38: Win
		57: Win
		37: Win
	Player48 vs:
		47: Win
		57: Win
		49: Loss
		39: Loss
		58: Win
		38: Loss
	Player49 vs:
		48: Win
		58: Win
		40: Win
		30: Win
		59: Loss
		39: Loss
	Player50 vs:
		59: Win
		69: Win
		51: Win
		41: Win
		60: Win
		40: Win
	Player51 vs:
		50: Win
		60: Win
		52: Win
		42: Win
		61: Win
		41: Win
	Player52 vs:
		51: Win
		61: Win
		53: Win
		43: Win
		62: Win
		42: Win
	Player53 vs:
		52: Loss
		62: Loss
		54: Loss
		44: Win
		63: Loss
		43: Win
	Player54 vs:
		53: Win
		63: Win
		55: Win
		45: Win
		64: Win
		44: Win
	Player55 vs:
		54: Win
		64: Win
		56: Win
		46: Win
		65: Win
		45: Win
	Player56 vs:
		55: Win
		65: Win
		57: Win
		47: Win
		66: Win
		46: Win
	Player57 vs:
		56: Win
		66: Win
		58: Win
		48: Win
		67: Win
		47: Win
	Player58 vs:
		57: Win
		67: Win
		59: Win
		49: Win
		68: Win
		48: Win
	Player59 vs:
		58: Win
		68: Win
		50: Win
		40: Win
		69: Win
		49: Win
	Player60 vs:
		69: Win
		79: Win
		61: Win
		51: Win
		70: Win
		50: Win
	Player61 vs:
		60: Win
		70: Win
		62: Win
		52: Win
		71: Win
		51: Win
	Player62 vs:
		61: Win
		71: Win
		63: Win
		53: Win
		72: Win
		52: Win
	Player63 vs:
		62: Win
		72: Win
		64: Win
		54: Loss
		73: Loss
		53: Loss
	Player64 vs:
		63: Win
		73: Win
		65: Win
		55: Win
		74: Win
		54: Win
	Player65 vs:
		64: Win
		74: Win
		66: Win
		56: Win
		75: Win
		55: Win
	Player66 vs:
		65: Win
		75: Loss
		67: Win
		57: Win
		76: Loss
		56: Win
	Player67 vs:
		66: Win
		76: Win
		68: Win
		58: Win
		77: Win
		57: Win
	Player68 vs:
		67: Loss
		77: Loss
		69: Win
		59: Loss
		78: Win
		58: Win
	Player69 vs:
		68: Win
		78: Win
		60: Win
		50: Win
		79: Win
		59: Win
	Player70 vs:
		79: Win
		89: Win
		71: Win
		61: Win
		80: Win
		60: Win
	Player71 vs:
		70: Loss
		80: Loss
		72: Win
		62: Loss
		81: Win
		61: Loss
	Player72 vs:
		71: Win
		81: Win
		73: Win
		63: Win
		82: Loss
		62: Win
	Player73 vs:
		72: Win
		82: Loss
		74: Win
		64: Loss
		83: Win
		63: Loss
	Player74 vs:
		73: Loss
		83: Win
		75: Loss
		65: Win
		84: Loss
		64: Win
	Player75 vs:
		74: Win
		84: Win
		76: Win
		66: Win
		85: Win
		65: Win
	Player76 vs:
		75: Win
		85: Win
		77: Win
		67: Win
		86: Win
		66: Win
	Player77 vs:
		76: Win
		86: Win
		78: Win
		68: Win
		87: Win
		67: Win
	Player78 vs:
		77: Loss
		87: Win
		79: Win
		69: Win
		88: Loss
		68: Loss
	Player79 vs:
		78: Win
		88: Win
		70: Win
		60: Win
		89: Win
		69: Win
	Player80 vs:
		89: Win
		99: Win
		81: Win
		71: Win
		90: Win
		70: Win
	Player81 vs:
		80: Win
		90: Win
		82: Win
		72: Win
		91: Win
		71: Win
	Player82 vs:
		81: Win
		91: Loss
		83: Win
		73: Loss
		92: Win
		72: Win
	Player83 vs:
		82: Win
		92: Win
		84: Win
		74: Loss
		93: Loss
		73: Loss
	Player84 vs:
		83: Win
		93: Loss
		85: Win
		75: Loss
		94: Win
		74: Win
	Player85 vs:
		84: Win
		94: Win
		86: Win
		76: Win
		95: Win
		75: Win
	Player86 vs:
		85: Loss
		95: Loss
		87: Win
		77: Loss
		96: Win
		76: Loss
	Player87 vs:
		86: Win
		96: Win
		88: Win
		78: Win
		97: Win
		77: Loss
	Player88 vs:
		87: Loss
		97: Loss
		89: Win
		79: Win
		98: Loss
		78: Win
	Player89 vs:
		88: Loss
		98: Win
		80: Win
		70: Win
		99: Win
		79: Win
	Player90 vs:
		99: Win
		9: Win
		91: Win
		81: Win
		0: Win
		80: Win
	Player91 vs:
		90: Win
		0: Win
		92: Win
		82: Win
		1: Win
		81: Win
	Player92 vs:
		91: Loss
		1: Win
		93: Loss
		83: Win
		2: Win
		82: Win
	Player93 vs:
		92: Win
		2: Win
		94: Win
		84: Win
		3: Win
		83: Win
	Player94 vs:
		93: Win
		3: Win
		95: Win
		85: Win
		4: Win
		84: Win
	Player95 vs:
		94: Loss
		4: Win
		96: Win
		86: Loss
		5: Loss
		85: Loss
	Player96 vs:
		95: Win
		5: Win
		97: Win
		87: Win
		6: Win
		86: Win
	Player97 vs:
		96: Win
		6: Win
		98: Win
		88: Win
		7: Win
		87: Win
	Player98 vs:
		97: Win
		7: Win
		99: Win
		89: Win
		8: Win
		88: Win
	Player99 vs:
		98: Win
		8: Loss
		90: Win
		80: Loss
		9: Win
		89: Win
	Player0 games won: 7
	Player1 games won: 6
	Player2 games won: 6
	Player3 games won: 3
	Player4 games won: 5
	Player5 games won: 7
	Player6 games won: 6
	Player7 games won: 6
	Player8 games won: 7
	Player9 games won: 3
	Player10 games won: 3
	Player11 games won: 7
	Player12 games won: 6
	Player13 games won: 10
	Player14 games won: 4
	Player15 games won: 5
	Player16 games won: 7
	Player17 games won: 6
	Player18 games won: 8
	Player19 games won: 8
	Player20 games won: 3
	Player21 games won: 6
	Player22 games won: 8
	Player23 games won: 3
	Player24 games won: 8
	Player25 games won: 4
	Player26 games won: 6
	Player27 games won: 4
	Player28 games won: 4
	Player29 games won: 7
	Player30 games won: 6
	Player31 games won: 8
	Player32 games won: 3
	Player33 games won: 7
	Player34 games won: 6
	Player35 games won: 7
	Player36 games won: 8
	Player37 games won: 9
	Player38 games won: 5
	Player39 games won: 11
	Player40 games won: 1
	Player41 games won: 8
	Player42 games won: 6
	Player43 games won: 3
	Player44 games won: 7
	Player45 games won: 4
	Player46 games won: 3
	Player47 games won: 6
	Player48 games won: 3
	Player49 games won: 6
	Player50 games won: 7
	Player51 games won: 7
	Player52 games won: 8
	Player53 games won: 4
	Player54 games won: 9
	Player55 games won: 7
	Player56 games won: 6
	Player57 games won: 6
	Player58 games won: 6
	Player59 games won: 9
	Player60 games won: 6
	Player61 games won: 7
	Player62 games won: 8
	Player63 games won: 5
	Player64 games won: 7
	Player65 games won: 6
	Player66 games won: 4
	Player67 games won: 7
	Player68 games won: 4
	Player69 games won: 6
	Player70 games won: 7
	Player71 games won: 2
	Player72 games won: 5
	Player73 games won: 7
	Player74 games won: 4
	Player75 games won: 9
	Player76 games won: 8
	Player77 games won: 10
	Player78 games won: 3
	Player79 games won: 6
	Player80 games won: 8
	Player81 games won: 6
	Player82 games won: 6
	Player83 games won: 3
	Player84 games won: 5
	Player85 games won: 8
	Player86 games won: 3
	Player87 games won: 6
	Player88 games won: 5
	Player89 games won: 5
	Player90 games won: 7
	Player91 games won: 8
	Player92 games won: 5
	Player93 games won: 10
	Player94 games won: 8
	Player95 games won: 3
	Player96 games won: 6
	Player97 games won: 7
	Player98 games won: 7
	Player99 games won: 4

